<?xml version="1.0" encoding="UTF-8"?>
<testng-results ignored="0" total="1" passed="1" failed="0" skipped="0">
  <reporter-output>
  </reporter-output>
  <suite started-at="2021-11-15T12:41:12 IST" name="Default suite" finished-at="2021-11-15T12:41:34 IST" duration-ms="22092">
    <groups>
    </groups>
    <test started-at="2021-11-15T12:41:12 IST" name="Default test" finished-at="2021-11-15T12:41:34 IST" duration-ms="22092">
      <class name="Tests.LoginTest">
        <test-method signature="actualTest()[pri:0, instance:Tests.LoginTest@702b8b12]" started-at="2021-11-15T12:41:12 IST" name="actualTest" finished-at="2021-11-15T12:41:34 IST" duration-ms="22044" status="PASS">
          <reporter-output>
          </reporter-output>
        </test-method> <!-- actualTest -->
      </class> <!-- Tests.LoginTest -->
    </test> <!-- Default test -->
  </suite> <!-- Default suite -->
</testng-results>
